<?xml version="1.0" encoding="UTF-8"?>
<testng-results ignored="0" total="1" passed="1" failed="0" skipped="0">
  <reporter-output>
  </reporter-output>
  <suite started-at="2024-01-29T11:55:45 IST" name="Suite" finished-at="2024-01-29T11:57:00 IST" duration-ms="74484">
    <groups>
    </groups>
    <test started-at="2024-01-29T11:55:45 IST" name="Test" finished-at="2024-01-29T11:57:00 IST" duration-ms="74484">
      <class name="kairos_website.Kairos_Websites_Testing_">
        <test-method is-config="true" signature="setupExtentReports()[pri:0, instance:kairos_website.Kairos_Websites_Testing_@fba92d3]" started-at="2024-01-29T11:55:45 IST" name="setupExtentReports" finished-at="2024-01-29T11:55:45 IST" duration-ms="192" status="PASS">
          <reporter-output>
          </reporter-output>
        </test-method> <!-- setupExtentReports -->
        <test-method is-config="true" signature="checkURLsConnection()[pri:0, instance:kairos_website.Kairos_Websites_Testing_@fba92d3]" started-at="2024-01-29T11:55:45 IST" name="checkURLsConnection" finished-at="2024-01-29T11:56:09 IST" duration-ms="23321" status="PASS">
          <reporter-output>
          </reporter-output>
        </test-method> <!-- checkURLsConnection -->
        <test-method signature="Websites()[pri:0, instance:kairos_website.Kairos_Websites_Testing_@fba92d3]" started-at="2024-01-29T11:56:09 IST" name="Websites" finished-at="2024-01-29T11:57:00 IST" duration-ms="51140" status="PASS">
          <reporter-output>
          </reporter-output>
        </test-method> <!-- Websites -->
        <test-method is-config="true" signature="sendEmail()[pri:0, instance:kairos_website.Kairos_Websites_Testing_@fba92d3]" started-at="2024-01-29T11:57:00 IST" name="sendEmail" finished-at="2024-01-29T11:57:00 IST" duration-ms="0" status="PASS">
          <reporter-output>
          </reporter-output>
        </test-method> <!-- sendEmail -->
        <test-method is-config="true" signature="teardownExtentreports()[pri:0, instance:kairos_website.Kairos_Websites_Testing_@fba92d3]" started-at="2024-01-29T11:57:00 IST" name="teardownExtentreports" finished-at="2024-01-29T11:57:00 IST" duration-ms="582" status="PASS">
          <reporter-output>
          </reporter-output>
        </test-method> <!-- teardownExtentreports -->
      </class> <!-- kairos_website.Kairos_Websites_Testing_ -->
    </test> <!-- Test -->
  </suite> <!-- Suite -->
</testng-results>
