<?xml version="1.0" encoding="UTF-8"?>
<testng-results ignored="0" total="1" passed="1" failed="0" skipped="0">
  <reporter-output>
  </reporter-output>
  <suite started-at="2024-01-29T11:22:42 IST" name="Default suite" finished-at="2024-01-29T11:23:44 IST" duration-ms="61924">
    <groups>
    </groups>
    <test started-at="2024-01-29T11:22:42 IST" name="Default test" finished-at="2024-01-29T11:23:44 IST" duration-ms="61924">
      <class name="kairos_website.Kairos_Websites_Testing_">
        <test-method is-config="true" signature="setupExtentReports()[pri:0, instance:kairos_website.Kairos_Websites_Testing_@1722011b]" started-at="2024-01-29T11:22:42 IST" name="setupExtentReports" finished-at="2024-01-29T11:22:42 IST" duration-ms="183" status="PASS">
          <reporter-output>
          </reporter-output>
        </test-method> <!-- setupExtentReports -->
        <test-method is-config="true" signature="checkURLsConnection()[pri:0, instance:kairos_website.Kairos_Websites_Testing_@1722011b]" started-at="2024-01-29T11:22:42 IST" name="checkURLsConnection" finished-at="2024-01-29T11:23:07 IST" duration-ms="24920" status="PASS">
          <reporter-output>
          </reporter-output>
        </test-method> <!-- checkURLsConnection -->
        <test-method signature="Websites()[pri:0, instance:kairos_website.Kairos_Websites_Testing_@1722011b]" started-at="2024-01-29T11:23:07 IST" name="Websites" finished-at="2024-01-29T11:23:44 IST" duration-ms="36969" status="PASS">
          <reporter-output>
          </reporter-output>
        </test-method> <!-- Websites -->
        <test-method is-config="true" signature="sendEmail()[pri:0, instance:kairos_website.Kairos_Websites_Testing_@1722011b]" started-at="2024-01-29T11:23:44 IST" name="sendEmail" finished-at="2024-01-29T11:23:44 IST" duration-ms="0" status="PASS">
          <reporter-output>
          </reporter-output>
        </test-method> <!-- sendEmail -->
        <test-method is-config="true" signature="teardownExtentreports()[pri:0, instance:kairos_website.Kairos_Websites_Testing_@1722011b]" started-at="2024-01-29T11:23:44 IST" name="teardownExtentreports" finished-at="2024-01-29T11:23:45 IST" duration-ms="887" status="PASS">
          <reporter-output>
          </reporter-output>
        </test-method> <!-- teardownExtentreports -->
      </class> <!-- kairos_website.Kairos_Websites_Testing_ -->
    </test> <!-- Default test -->
  </suite> <!-- Default suite -->
</testng-results>
